2025-05-30 00:25:06,403 [INFO] [31m[1mWARNING: This is a development server. Do not use it in a production deployment. Use a production WSGI server instead.[0m
 * Running on all addresses (0.0.0.0)
 * Running on http://127.0.0.1:5000
 * Running on http://10.0.4.221:5000
2025-05-30 00:25:06,403 [INFO] [33mPress CTRL+C to quit[0m
2025-05-30 00:25:06,403 [INFO]  * Restarting with stat
2025-05-30 00:50:30,297 [INFO] [31m[1mWARNING: This is a development server. Do not use it in a production deployment. Use a production WSGI server instead.[0m
 * Running on all addresses (0.0.0.0)
 * Running on http://127.0.0.1:5000
 * Running on http://10.0.4.221:5000
2025-05-30 00:50:30,297 [INFO] [33mPress CTRL+C to quit[0m
2025-05-30 00:50:30,297 [INFO]  * Restarting with stat
2025-05-30 04:33:47,496 [ERROR] Exception on / [GET]
Traceback (most recent call last):
  File "/home/srpihhllc/PlaidBridgeOpenBankingApi/venv/lib/python3.12/site-packages/flask/app.py", line 2525, in wsgi_app
    response = self.full_dispatch_request()
               ^^^^^^^^^^^^^^^^^^^^^^^^^^^^
  File "/home/srpihhllc/PlaidBridgeOpenBankingApi/venv/lib/python3.12/site-packages/flask/app.py", line 1822, in full_dispatch_request
    rv = self.handle_user_exception(e)
         ^^^^^^^^^^^^^^^^^^^^^^^^^^^^^
  File "/home/srpihhllc/PlaidBridgeOpenBankingApi/venv/lib/python3.12/site-packages/flask/app.py", line 1820, in full_dispatch_request
    rv = self.dispatch_request()
         ^^^^^^^^^^^^^^^^^^^^^^^
  File "/home/srpihhllc/PlaidBridgeOpenBankingApi/venv/lib/python3.12/site-packages/flask/app.py", line 1796, in dispatch_request
    return self.ensure_sync(self.view_functions[rule.endpoint])(**view_args)
           ^^^^^^^^^^^^^^^^^^^^^^^^^^^^^^^^^^^^^^^^^^^^^^^^^^^^^^^^^^^^^^^^^
  File "/home/srpihhllc/PlaidBridgeOpenBankingApi/app/routes.py", line 17, in home
    return render_template("index.html")  # ✅ Ensure `index.html` exists in `app/templates/`
           ^^^^^^^^^^^^^^^^^^^^^^^^^^^^^
  File "/home/srpihhllc/PlaidBridgeOpenBankingApi/venv/lib/python3.12/site-packages/flask/templating.py", line 147, in render_template
    return _render(app, template, context)
           ^^^^^^^^^^^^^^^^^^^^^^^^^^^^^^^
  File "/home/srpihhllc/PlaidBridgeOpenBankingApi/venv/lib/python3.12/site-packages/flask/templating.py", line 130, in _render
    rv = template.render(context)
         ^^^^^^^^^^^^^^^^^^^^^^^^
  File "/home/srpihhllc/PlaidBridgeOpenBankingApi/venv/lib/python3.12/site-packages/jinja2/environment.py", line 1295, in render
    self.environment.handle_exception()
  File "/home/srpihhllc/PlaidBridgeOpenBankingApi/venv/lib/python3.12/site-packages/jinja2/environment.py", line 942, in handle_exception
    raise rewrite_traceback_stack(source=source)
  File "/home/srpihhllc/PlaidBridgeOpenBankingApi/app/templates/index.html", line 4, in top-level template code
    {% extends "base.html" %}
  File "/home/srpihhllc/PlaidBridgeOpenBankingApi/app/templates/base.html", line 44, in top-level template code
    {% block content %}{% endblock %}
    ^^^^^^^^^^^^^^^^^^^^^^^^^
  File "/home/srpihhllc/PlaidBridgeOpenBankingApi/app/templates/index.html", line 83, in block 'content'
    <form action="{{ url_for('api.upload_statement') }}" method="post" enctype="multipart/form-data">
    ^^^^^^^^^^^^^^^^^^^^^^^^^
  File "/home/srpihhllc/PlaidBridgeOpenBankingApi/venv/lib/python3.12/site-packages/flask/app.py", line 2031, in url_for
    return self.handle_url_build_error(error, endpoint, values)
           ^^^^^^^^^^^^^^^^^^^^^^^^^^^^^^^^^^^^^^^^^^^^^^^^^^^^
  File "/home/srpihhllc/PlaidBridgeOpenBankingApi/venv/lib/python3.12/site-packages/flask/app.py", line 2020, in url_for
    rv = url_adapter.build(  # type: ignore[union-attr]
         ^^^^^^^^^^^^^^^^^^^^^^^^^^^^^^^^^^^^^^^^^^^^^^
  File "/home/srpihhllc/PlaidBridgeOpenBankingApi/venv/lib/python3.12/site-packages/werkzeug/routing/map.py", line 917, in build
    raise BuildError(endpoint, values, method, self)
werkzeug.routing.exceptions.BuildError: Could not build url for endpoint 'api.upload_statement'. Did you mean 'api.review_agreement' instead?
2025-05-30 04:45:19,091 [ERROR] Exception on / [GET]
Traceback (most recent call last):
  File "/home/srpihhllc/PlaidBridgeOpenBankingApi/venv/lib/python3.12/site-packages/flask/app.py", line 2525, in wsgi_app
    response = self.full_dispatch_request()
               ^^^^^^^^^^^^^^^^^^^^^^^^^^^^
  File "/home/srpihhllc/PlaidBridgeOpenBankingApi/venv/lib/python3.12/site-packages/flask/app.py", line 1822, in full_dispatch_request
    rv = self.handle_user_exception(e)
         ^^^^^^^^^^^^^^^^^^^^^^^^^^^^^
  File "/home/srpihhllc/PlaidBridgeOpenBankingApi/venv/lib/python3.12/site-packages/flask/app.py", line 1820, in full_dispatch_request
    rv = self.dispatch_request()
         ^^^^^^^^^^^^^^^^^^^^^^^
  File "/home/srpihhllc/PlaidBridgeOpenBankingApi/venv/lib/python3.12/site-packages/flask/app.py", line 1796, in dispatch_request
    return self.ensure_sync(self.view_functions[rule.endpoint])(**view_args)
           ^^^^^^^^^^^^^^^^^^^^^^^^^^^^^^^^^^^^^^^^^^^^^^^^^^^^^^^^^^^^^^^^^
  File "/home/srpihhllc/PlaidBridgeOpenBankingApi/app/routes.py", line 17, in home
    return render_template("index.html")  # ✅ Ensure `index.html` exists in `app/templates/`
           ^^^^^^^^^^^^^^^^^^^^^^^^^^^^^
  File "/home/srpihhllc/PlaidBridgeOpenBankingApi/venv/lib/python3.12/site-packages/flask/templating.py", line 147, in render_template
    return _render(app, template, context)
           ^^^^^^^^^^^^^^^^^^^^^^^^^^^^^^^
  File "/home/srpihhllc/PlaidBridgeOpenBankingApi/venv/lib/python3.12/site-packages/flask/templating.py", line 130, in _render
    rv = template.render(context)
         ^^^^^^^^^^^^^^^^^^^^^^^^
  File "/home/srpihhllc/PlaidBridgeOpenBankingApi/venv/lib/python3.12/site-packages/jinja2/environment.py", line 1295, in render
    self.environment.handle_exception()
  File "/home/srpihhllc/PlaidBridgeOpenBankingApi/venv/lib/python3.12/site-packages/jinja2/environment.py", line 942, in handle_exception
    raise rewrite_traceback_stack(source=source)
  File "/home/srpihhllc/PlaidBridgeOpenBankingApi/app/templates/index.html", line 4, in top-level template code
    {% extends "base.html" %}
  File "/home/srpihhllc/PlaidBridgeOpenBankingApi/app/templates/base.html", line 44, in top-level template code
    {% block content %}{% endblock %}
    ^^^^^^^^^^^^^^^^^^^^^^^^^
  File "/home/srpihhllc/PlaidBridgeOpenBankingApi/app/templates/index.html", line 83, in block 'content'
    <form action="{{ url_for('api.upload_statement') }}" method="post" enctype="multipart/form-data">
    ^^^^^^^^^^^^^^^^^^^^^^^^^
  File "/home/srpihhllc/PlaidBridgeOpenBankingApi/venv/lib/python3.12/site-packages/flask/app.py", line 2031, in url_for
    return self.handle_url_build_error(error, endpoint, values)
           ^^^^^^^^^^^^^^^^^^^^^^^^^^^^^^^^^^^^^^^^^^^^^^^^^^^^
  File "/home/srpihhllc/PlaidBridgeOpenBankingApi/venv/lib/python3.12/site-packages/flask/app.py", line 2020, in url_for
    rv = url_adapter.build(  # type: ignore[union-attr]
         ^^^^^^^^^^^^^^^^^^^^^^^^^^^^^^^^^^^^^^^^^^^^^^
  File "/home/srpihhllc/PlaidBridgeOpenBankingApi/venv/lib/python3.12/site-packages/werkzeug/routing/map.py", line 917, in build
    raise BuildError(endpoint, values, method, self)
werkzeug.routing.exceptions.BuildError: Could not build url for endpoint 'api.upload_statement'. Did you mean 'api.review_agreement' instead?
2025-05-30 05:34:00,498 [ERROR] Exception on / [GET]
Traceback (most recent call last):
  File "/home/srpihhllc/PlaidBridgeOpenBankingApi/venv/lib/python3.12/site-packages/flask/app.py", line 2525, in wsgi_app
    response = self.full_dispatch_request()
               ^^^^^^^^^^^^^^^^^^^^^^^^^^^^
  File "/home/srpihhllc/PlaidBridgeOpenBankingApi/venv/lib/python3.12/site-packages/flask/app.py", line 1822, in full_dispatch_request
    rv = self.handle_user_exception(e)
         ^^^^^^^^^^^^^^^^^^^^^^^^^^^^^
  File "/home/srpihhllc/PlaidBridgeOpenBankingApi/venv/lib/python3.12/site-packages/flask/app.py", line 1820, in full_dispatch_request
    rv = self.dispatch_request()
         ^^^^^^^^^^^^^^^^^^^^^^^
  File "/home/srpihhllc/PlaidBridgeOpenBankingApi/venv/lib/python3.12/site-packages/flask/app.py", line 1796, in dispatch_request
    return self.ensure_sync(self.view_functions[rule.endpoint])(**view_args)
           ^^^^^^^^^^^^^^^^^^^^^^^^^^^^^^^^^^^^^^^^^^^^^^^^^^^^^^^^^^^^^^^^^
  File "/home/srpihhllc/PlaidBridgeOpenBankingApi/app/routes.py", line 17, in home
    return render_template("index.html")  # ✅ Ensure `index.html` exists in `app/templates/`
           ^^^^^^^^^^^^^^^^^^^^^^^^^^^^^
  File "/home/srpihhllc/PlaidBridgeOpenBankingApi/venv/lib/python3.12/site-packages/flask/templating.py", line 147, in render_template
    return _render(app, template, context)
           ^^^^^^^^^^^^^^^^^^^^^^^^^^^^^^^
  File "/home/srpihhllc/PlaidBridgeOpenBankingApi/venv/lib/python3.12/site-packages/flask/templating.py", line 130, in _render
    rv = template.render(context)
         ^^^^^^^^^^^^^^^^^^^^^^^^
  File "/home/srpihhllc/PlaidBridgeOpenBankingApi/venv/lib/python3.12/site-packages/jinja2/environment.py", line 1295, in render
    self.environment.handle_exception()
  File "/home/srpihhllc/PlaidBridgeOpenBankingApi/venv/lib/python3.12/site-packages/jinja2/environment.py", line 942, in handle_exception
    raise rewrite_traceback_stack(source=source)
  File "/home/srpihhllc/PlaidBridgeOpenBankingApi/app/templates/index.html", line 4, in top-level template code
    {% extends "base.html" %}
  File "/home/srpihhllc/PlaidBridgeOpenBankingApi/app/templates/base.html", line 44, in top-level template code
    {% block content %}{% endblock %}
    ^^^^^^^^^^^^^^^^^^^^^^^^^
  File "/home/srpihhllc/PlaidBridgeOpenBankingApi/app/templates/index.html", line 109, in block 'content'
    <form action="{{ url_for('api.convert_currency') }}" method="post">
    ^^^^^^^^^^^^^^^^^^^^^^^^^
  File "/home/srpihhllc/PlaidBridgeOpenBankingApi/venv/lib/python3.12/site-packages/flask/app.py", line 2031, in url_for
    return self.handle_url_build_error(error, endpoint, values)
           ^^^^^^^^^^^^^^^^^^^^^^^^^^^^^^^^^^^^^^^^^^^^^^^^^^^^
  File "/home/srpihhllc/PlaidBridgeOpenBankingApi/venv/lib/python3.12/site-packages/flask/app.py", line 2020, in url_for
    rv = url_adapter.build(  # type: ignore[union-attr]
         ^^^^^^^^^^^^^^^^^^^^^^^^^^^^^^^^^^^^^^^^^^^^^^
  File "/home/srpihhllc/PlaidBridgeOpenBankingApi/venv/lib/python3.12/site-packages/werkzeug/routing/map.py", line 917, in build
    raise BuildError(endpoint, values, method, self)
werkzeug.routing.exceptions.BuildError: Could not build url for endpoint 'api.convert_currency'. Did you mean 'api.convert_currency_route' instead?
2025-05-30 06:34:43,651 [ERROR] Exception on / [GET]
Traceback (most recent call last):
  File "/home/srpihhllc/PlaidBridgeOpenBankingApi/venv/lib/python3.12/site-packages/flask/app.py", line 2525, in wsgi_app
    response = self.full_dispatch_request()
               ^^^^^^^^^^^^^^^^^^^^^^^^^^^^
  File "/home/srpihhllc/PlaidBridgeOpenBankingApi/venv/lib/python3.12/site-packages/flask/app.py", line 1822, in full_dispatch_request
    rv = self.handle_user_exception(e)
         ^^^^^^^^^^^^^^^^^^^^^^^^^^^^^
  File "/home/srpihhllc/PlaidBridgeOpenBankingApi/venv/lib/python3.12/site-packages/flask/app.py", line 1820, in full_dispatch_request
    rv = self.dispatch_request()
         ^^^^^^^^^^^^^^^^^^^^^^^
  File "/home/srpihhllc/PlaidBridgeOpenBankingApi/venv/lib/python3.12/site-packages/flask/app.py", line 1796, in dispatch_request
    return self.ensure_sync(self.view_functions[rule.endpoint])(**view_args)
           ^^^^^^^^^^^^^^^^^^^^^^^^^^^^^^^^^^^^^^^^^^^^^^^^^^^^^^^^^^^^^^^^^
  File "/home/srpihhllc/PlaidBridgeOpenBankingApi/app/routes.py", line 17, in home
    return render_template("index.html")  # ✅ Ensure `index.html` exists in `app/templates/`
           ^^^^^^^^^^^^^^^^^^^^^^^^^^^^^
  File "/home/srpihhllc/PlaidBridgeOpenBankingApi/venv/lib/python3.12/site-packages/flask/templating.py", line 147, in render_template
    return _render(app, template, context)
           ^^^^^^^^^^^^^^^^^^^^^^^^^^^^^^^
  File "/home/srpihhllc/PlaidBridgeOpenBankingApi/venv/lib/python3.12/site-packages/flask/templating.py", line 130, in _render
    rv = template.render(context)
         ^^^^^^^^^^^^^^^^^^^^^^^^
  File "/home/srpihhllc/PlaidBridgeOpenBankingApi/venv/lib/python3.12/site-packages/jinja2/environment.py", line 1295, in render
    self.environment.handle_exception()
  File "/home/srpihhllc/PlaidBridgeOpenBankingApi/venv/lib/python3.12/site-packages/jinja2/environment.py", line 942, in handle_exception
    raise rewrite_traceback_stack(source=source)
  File "/home/srpihhllc/PlaidBridgeOpenBankingApi/app/templates/index.html", line 4, in top-level template code
    {% extends "base.html" %}
  File "/home/srpihhllc/PlaidBridgeOpenBankingApi/app/templates/base.html", line 44, in top-level template code
    {% block content %}{% endblock %}
    ^^^^^^^^^^^^^^^^^^^^^^^^^
  File "/home/srpihhllc/PlaidBridgeOpenBankingApi/app/templates/index.html", line 109, in block 'content'
    <form action="{{ url_for('api.convert_currency') }}" method="post">
    ^^^^^^^^^^^^^^^^^^^^^^^^^
  File "/home/srpihhllc/PlaidBridgeOpenBankingApi/venv/lib/python3.12/site-packages/flask/app.py", line 2031, in url_for
    return self.handle_url_build_error(error, endpoint, values)
           ^^^^^^^^^^^^^^^^^^^^^^^^^^^^^^^^^^^^^^^^^^^^^^^^^^^^
  File "/home/srpihhllc/PlaidBridgeOpenBankingApi/venv/lib/python3.12/site-packages/flask/app.py", line 2020, in url_for
    rv = url_adapter.build(  # type: ignore[union-attr]
         ^^^^^^^^^^^^^^^^^^^^^^^^^^^^^^^^^^^^^^^^^^^^^^
  File "/home/srpihhllc/PlaidBridgeOpenBankingApi/venv/lib/python3.12/site-packages/werkzeug/routing/map.py", line 917, in build
    raise BuildError(endpoint, values, method, self)
werkzeug.routing.exceptions.BuildError: Could not build url for endpoint 'api.convert_currency'. Did you mean 'api.convert_currency_route' instead?
2025-05-30 07:53:01,360 [ERROR] Error running WSGI application
2025-05-30 07:53:01,366 [ERROR] ModuleNotFoundError: No module named 'models'
2025-05-30 07:53:01,366 [ERROR]   File "/var/www/srpihhllc_pythonanywhere_com_wsgi.py", line 17, in <module>
2025-05-30 07:53:01,366 [ERROR]     application = create_app()  # ✅ Correct approach for Flask factory pattern
2025-05-30 07:53:01,366 [ERROR]                   ^^^^^^^^^^^^
2025-05-30 07:53:01,367 [ERROR] 
2025-05-30 07:53:01,367 [ERROR]   File "/home/srpihhllc/PlaidBridgeOpenBankingApi/app/__init__.py", line 67, in create_app
2025-05-30 07:53:01,367 [ERROR]     from app.routes import main_bp, api_bp  # ✅ Correctly import both blueprints
2025-05-30 07:53:01,367 [ERROR]     ^^^^^^^^^^^^^^^^^^^^^^^^^^^^^^^^^^^^^^
2025-05-30 07:53:01,367 [ERROR] 
2025-05-30 07:53:01,367 [ERROR]   File "/home/srpihhllc/PlaidBridgeOpenBankingApi/app/routes.py", line 6, in <module>
2025-05-30 07:53:01,367 [ERROR]     from models import db, User, LoanAgreement, Transaction
2025-05-30 07:53:01,367 [ERROR] ***************************************************
2025-05-30 07:53:01,367 [ERROR] If you're seeing an import error and don't know why,
2025-05-30 07:53:01,368 [ERROR] we have a dedicated help page to help you debug: 
2025-05-30 07:53:01,368 [ERROR] https://help.pythonanywhere.com/pages/DebuggingImportError/
2025-05-30 07:53:01,368 [ERROR] ***************************************************
2025-05-30 10:24:08,045 [ERROR] Exception on / [GET]
Traceback (most recent call last):
  File "/home/srpihhllc/PlaidBridgeOpenBankingApi/venv/lib/python3.12/site-packages/flask/app.py", line 1511, in wsgi_app
    response = self.full_dispatch_request()
               ^^^^^^^^^^^^^^^^^^^^^^^^^^^^
  File "/home/srpihhllc/PlaidBridgeOpenBankingApi/venv/lib/python3.12/site-packages/flask/app.py", line 919, in full_dispatch_request
    rv = self.handle_user_exception(e)
         ^^^^^^^^^^^^^^^^^^^^^^^^^^^^^
  File "/home/srpihhllc/PlaidBridgeOpenBankingApi/venv/lib/python3.12/site-packages/flask/app.py", line 917, in full_dispatch_request
    rv = self.dispatch_request()
         ^^^^^^^^^^^^^^^^^^^^^^^
  File "/home/srpihhllc/PlaidBridgeOpenBankingApi/venv/lib/python3.12/site-packages/flask/app.py", line 902, in dispatch_request
    return self.ensure_sync(self.view_functions[rule.endpoint])(**view_args)  # type: ignore[no-any-return]
           ^^^^^^^^^^^^^^^^^^^^^^^^^^^^^^^^^^^^^^^^^^^^^^^^^^^^^^^^^^^^^^^^^
  File "/home/srpihhllc/PlaidBridgeOpenBankingApi/app/routes.py", line 17, in home
    return render_template("index.html")  # ✅ Ensure `index.html` exists in `app/templates/`
           ^^^^^^^^^^^^^^^^^^^^^^^^^^^^^
  File "/home/srpihhllc/PlaidBridgeOpenBankingApi/venv/lib/python3.12/site-packages/flask/templating.py", line 150, in render_template
    return _render(app, template, context)
           ^^^^^^^^^^^^^^^^^^^^^^^^^^^^^^^
  File "/home/srpihhllc/PlaidBridgeOpenBankingApi/venv/lib/python3.12/site-packages/flask/templating.py", line 131, in _render
    rv = template.render(context)
         ^^^^^^^^^^^^^^^^^^^^^^^^
  File "/home/srpihhllc/PlaidBridgeOpenBankingApi/venv/lib/python3.12/site-packages/jinja2/environment.py", line 1295, in render
    self.environment.handle_exception()
  File "/home/srpihhllc/PlaidBridgeOpenBankingApi/venv/lib/python3.12/site-packages/jinja2/environment.py", line 942, in handle_exception
    raise rewrite_traceback_stack(source=source)
  File "/home/srpihhllc/PlaidBridgeOpenBankingApi/app/templates/index.html", line 4, in top-level template code
    {% extends "base.html" %}
  File "/home/srpihhllc/PlaidBridgeOpenBankingApi/app/templates/base.html", line 44, in top-level template code
    {% block content %}{% endblock %}
    ^^^^^^^^^^^^^^^^^^^^^^^^^
  File "/home/srpihhllc/PlaidBridgeOpenBankingApi/app/templates/index.html", line 109, in block 'content'
    <form action="{{ url_for('api.convert_currency') }}" method="post">
    ^^^^^^^^^^^^^^^^^^^^^^^^^
  File "/home/srpihhllc/PlaidBridgeOpenBankingApi/venv/lib/python3.12/site-packages/flask/app.py", line 1121, in url_for
    return self.handle_url_build_error(error, endpoint, values)
           ^^^^^^^^^^^^^^^^^^^^^^^^^^^^^^^^^^^^^^^^^^^^^^^^^^^^
  File "/home/srpihhllc/PlaidBridgeOpenBankingApi/venv/lib/python3.12/site-packages/flask/app.py", line 1110, in url_for
    rv = url_adapter.build(  # type: ignore[union-attr]
         ^^^^^^^^^^^^^^^^^^^^^^^^^^^^^^^^^^^^^^^^^^^^^^
  File "/home/srpihhllc/PlaidBridgeOpenBankingApi/venv/lib/python3.12/site-packages/werkzeug/routing/map.py", line 924, in build
    raise BuildError(endpoint, values, method, self)
werkzeug.routing.exceptions.BuildError: Could not build url for endpoint 'api.convert_currency'. Did you mean 'api.convert_currency_route' instead?
2025-05-30 10:24:22,526 [ERROR] Exception on / [GET]
Traceback (most recent call last):
  File "/home/srpihhllc/PlaidBridgeOpenBankingApi/venv/lib/python3.12/site-packages/flask/app.py", line 1511, in wsgi_app
    response = self.full_dispatch_request()
               ^^^^^^^^^^^^^^^^^^^^^^^^^^^^
  File "/home/srpihhllc/PlaidBridgeOpenBankingApi/venv/lib/python3.12/site-packages/flask/app.py", line 919, in full_dispatch_request
    rv = self.handle_user_exception(e)
         ^^^^^^^^^^^^^^^^^^^^^^^^^^^^^
  File "/home/srpihhllc/PlaidBridgeOpenBankingApi/venv/lib/python3.12/site-packages/flask/app.py", line 917, in full_dispatch_request
    rv = self.dispatch_request()
         ^^^^^^^^^^^^^^^^^^^^^^^
  File "/home/srpihhllc/PlaidBridgeOpenBankingApi/venv/lib/python3.12/site-packages/flask/app.py", line 902, in dispatch_request
    return self.ensure_sync(self.view_functions[rule.endpoint])(**view_args)  # type: ignore[no-any-return]
           ^^^^^^^^^^^^^^^^^^^^^^^^^^^^^^^^^^^^^^^^^^^^^^^^^^^^^^^^^^^^^^^^^
  File "/home/srpihhllc/PlaidBridgeOpenBankingApi/app/routes.py", line 17, in home
    return render_template("index.html")  # ✅ Ensure `index.html` exists in `app/templates/`
           ^^^^^^^^^^^^^^^^^^^^^^^^^^^^^
  File "/home/srpihhllc/PlaidBridgeOpenBankingApi/venv/lib/python3.12/site-packages/flask/templating.py", line 150, in render_template
    return _render(app, template, context)
           ^^^^^^^^^^^^^^^^^^^^^^^^^^^^^^^
  File "/home/srpihhllc/PlaidBridgeOpenBankingApi/venv/lib/python3.12/site-packages/flask/templating.py", line 131, in _render
    rv = template.render(context)
         ^^^^^^^^^^^^^^^^^^^^^^^^
  File "/home/srpihhllc/PlaidBridgeOpenBankingApi/venv/lib/python3.12/site-packages/jinja2/environment.py", line 1295, in render
    self.environment.handle_exception()
  File "/home/srpihhllc/PlaidBridgeOpenBankingApi/venv/lib/python3.12/site-packages/jinja2/environment.py", line 942, in handle_exception
    raise rewrite_traceback_stack(source=source)
  File "/home/srpihhllc/PlaidBridgeOpenBankingApi/app/templates/index.html", line 4, in top-level template code
    {% extends "base.html" %}
  File "/home/srpihhllc/PlaidBridgeOpenBankingApi/app/templates/base.html", line 44, in top-level template code
    {% block content %}{% endblock %}
    ^^^^^^^^^^^^^^^^^^^^^^^^^
  File "/home/srpihhllc/PlaidBridgeOpenBankingApi/app/templates/index.html", line 109, in block 'content'
    <form action="{{ url_for('api.convert_currency') }}" method="post">
    ^^^^^^^^^^^^^^^^^^^^^^^^^
  File "/home/srpihhllc/PlaidBridgeOpenBankingApi/venv/lib/python3.12/site-packages/flask/app.py", line 1121, in url_for
    return self.handle_url_build_error(error, endpoint, values)
           ^^^^^^^^^^^^^^^^^^^^^^^^^^^^^^^^^^^^^^^^^^^^^^^^^^^^
  File "/home/srpihhllc/PlaidBridgeOpenBankingApi/venv/lib/python3.12/site-packages/flask/app.py", line 1110, in url_for
    rv = url_adapter.build(  # type: ignore[union-attr]
         ^^^^^^^^^^^^^^^^^^^^^^^^^^^^^^^^^^^^^^^^^^^^^^
  File "/home/srpihhllc/PlaidBridgeOpenBankingApi/venv/lib/python3.12/site-packages/werkzeug/routing/map.py", line 924, in build
    raise BuildError(endpoint, values, method, self)
werkzeug.routing.exceptions.BuildError: Could not build url for endpoint 'api.convert_currency'. Did you mean 'api.convert_currency_route' instead?
2025-06-01 20:01:21,483 [ERROR] Error running WSGI application
2025-06-01 20:01:21,497 [ERROR] ImportError: cannot import name 'verify_via_plaid' from 'app.services.plaid_api' (/home/srpihhllc/PlaidBridgeOpenBankingApi/app/services/plaid_api.py)
2025-06-01 20:01:21,497 [ERROR]   File "/var/www/srpihhllc_pythonanywhere_com_wsgi.py", line 18, in <module>
2025-06-01 20:01:21,497 [ERROR]     application = create_app()  # ✅ Correct approach for Flask factory pattern
2025-06-01 20:01:21,497 [ERROR]                   ^^^^^^^^^^^^
2025-06-01 20:01:21,497 [ERROR] 
2025-06-01 20:01:21,498 [ERROR]   File "/home/srpihhllc/PlaidBridgeOpenBankingApi/app/__init__.py", line 67, in create_app
2025-06-01 20:01:21,498 [ERROR]     from app.routes import main_bp, api_bp  # ✅ Correctly import both blueprints
2025-06-01 20:01:21,498 [ERROR]     ^^^^^^^^^^^^^^^^^^^^^^^^^^^^^^^^^^^^^^
2025-06-01 20:01:21,498 [ERROR] 
2025-06-01 20:01:21,498 [ERROR]   File "/home/srpihhllc/PlaidBridgeOpenBankingApi/app/routes.py", line 61, in <module>
2025-06-01 20:01:21,498 [ERROR]     from app.services.plaid_api import generate_link_token, verify_via_plaid
2025-06-01 20:01:21,498 [ERROR] ***************************************************
2025-06-01 20:01:21,498 [ERROR] If you're seeing an import error and don't know why,
2025-06-01 20:01:21,498 [ERROR] we have a dedicated help page to help you debug: 
2025-06-01 20:01:21,499 [ERROR] https://help.pythonanywhere.com/pages/DebuggingImportError/
2025-06-01 20:01:21,499 [ERROR] ***************************************************
2025-06-01 20:01:31,164 [ERROR] Error running WSGI application
2025-06-01 20:01:31,173 [ERROR] ImportError: cannot import name 'verify_via_plaid' from 'app.services.plaid_api' (/home/srpihhllc/PlaidBridgeOpenBankingApi/app/services/plaid_api.py)
2025-06-01 20:01:31,173 [ERROR]   File "/var/www/srpihhllc_pythonanywhere_com_wsgi.py", line 18, in <module>
2025-06-01 20:01:31,174 [ERROR]     application = create_app()  # ✅ Correct approach for Flask factory pattern
2025-06-01 20:01:31,174 [ERROR]                   ^^^^^^^^^^^^
2025-06-01 20:01:31,174 [ERROR] 
2025-06-01 20:01:31,174 [ERROR]   File "/home/srpihhllc/PlaidBridgeOpenBankingApi/app/__init__.py", line 67, in create_app
2025-06-01 20:01:31,175 [ERROR]     from app.routes import main_bp, api_bp  # ✅ Correctly import both blueprints
2025-06-01 20:01:31,175 [ERROR]     ^^^^^^^^^^^^^^^^^^^^^^^^^^^^^^^^^^^^^^
2025-06-01 20:01:31,175 [ERROR] 
2025-06-01 20:01:31,175 [ERROR]   File "/home/srpihhllc/PlaidBridgeOpenBankingApi/app/routes.py", line 61, in <module>
2025-06-01 20:01:31,175 [ERROR]     from app.services.plaid_api import generate_link_token, verify_via_plaid
2025-06-01 20:01:31,175 [ERROR] ***************************************************
2025-06-01 20:01:31,176 [ERROR] If you're seeing an import error and don't know why,
2025-06-01 20:01:31,176 [ERROR] we have a dedicated help page to help you debug: 
2025-06-01 20:01:31,176 [ERROR] https://help.pythonanywhere.com/pages/DebuggingImportError/
2025-06-01 20:01:31,176 [ERROR] ***************************************************
2025-06-01 20:02:46,540 [ERROR] Error running WSGI application
2025-06-01 20:02:46,548 [ERROR] ImportError: cannot import name 'verify_via_plaid' from 'app.services.plaid_api' (/home/srpihhllc/PlaidBridgeOpenBankingApi/app/services/plaid_api.py)
2025-06-01 20:02:46,549 [ERROR]   File "/var/www/srpihhllc_pythonanywhere_com_wsgi.py", line 18, in <module>
2025-06-01 20:02:46,549 [ERROR]     application = create_app()  # ✅ Correct approach for Flask factory pattern
2025-06-01 20:02:46,549 [ERROR]                   ^^^^^^^^^^^^
2025-06-01 20:02:46,549 [ERROR] 
2025-06-01 20:02:46,550 [ERROR]   File "/home/srpihhllc/PlaidBridgeOpenBankingApi/app/__init__.py", line 67, in create_app
2025-06-01 20:02:46,550 [ERROR]     from app.routes import main_bp, api_bp  # ✅ Correctly import both blueprints
2025-06-01 20:02:46,550 [ERROR]     ^^^^^^^^^^^^^^^^^^^^^^^^^^^^^^^^^^^^^^
2025-06-01 20:02:46,550 [ERROR] 
2025-06-01 20:02:46,550 [ERROR]   File "/home/srpihhllc/PlaidBridgeOpenBankingApi/app/routes.py", line 61, in <module>
2025-06-01 20:02:46,551 [ERROR]     from app.services.plaid_api import generate_link_token, verify_via_plaid
2025-06-01 20:02:46,551 [ERROR] ***************************************************
2025-06-01 20:02:46,551 [ERROR] If you're seeing an import error and don't know why,
2025-06-01 20:02:46,551 [ERROR] we have a dedicated help page to help you debug: 
2025-06-01 20:02:46,552 [ERROR] https://help.pythonanywhere.com/pages/DebuggingImportError/
2025-06-01 20:02:46,552 [ERROR] ***************************************************
2025-06-01 20:03:07,343 [ERROR] Error running WSGI application
2025-06-01 20:03:07,349 [ERROR] ImportError: cannot import name 'verify_via_plaid' from 'app.services.plaid_api' (/home/srpihhllc/PlaidBridgeOpenBankingApi/app/services/plaid_api.py)
2025-06-01 20:03:07,349 [ERROR]   File "/var/www/srpihhllc_pythonanywhere_com_wsgi.py", line 18, in <module>
2025-06-01 20:03:07,349 [ERROR]     application = create_app()  # ✅ Correct approach for Flask factory pattern
2025-06-01 20:03:07,349 [ERROR]                   ^^^^^^^^^^^^
2025-06-01 20:03:07,349 [ERROR] 
2025-06-01 20:03:07,350 [ERROR]   File "/home/srpihhllc/PlaidBridgeOpenBankingApi/app/__init__.py", line 67, in create_app
2025-06-01 20:03:07,350 [ERROR]     from app.routes import main_bp, api_bp  # ✅ Correctly import both blueprints
2025-06-01 20:03:07,350 [ERROR]     ^^^^^^^^^^^^^^^^^^^^^^^^^^^^^^^^^^^^^^
2025-06-01 20:03:07,350 [ERROR] 
2025-06-01 20:03:07,350 [ERROR]   File "/home/srpihhllc/PlaidBridgeOpenBankingApi/app/routes.py", line 61, in <module>
2025-06-01 20:03:07,350 [ERROR]     from app.services.plaid_api import generate_link_token, verify_via_plaid
2025-06-01 20:03:07,350 [ERROR] ***************************************************
2025-06-01 20:03:07,350 [ERROR] If you're seeing an import error and don't know why,
2025-06-01 20:03:07,351 [ERROR] we have a dedicated help page to help you debug: 
2025-06-01 20:03:07,351 [ERROR] https://help.pythonanywhere.com/pages/DebuggingImportError/
2025-06-01 20:03:07,351 [ERROR] ***************************************************
2025-06-01 20:03:14,088 [ERROR] Error running WSGI application
2025-06-01 20:03:14,093 [ERROR] ImportError: cannot import name 'verify_via_plaid' from 'app.services.plaid_api' (/home/srpihhllc/PlaidBridgeOpenBankingApi/app/services/plaid_api.py)
2025-06-01 20:03:14,093 [ERROR]   File "/var/www/srpihhllc_pythonanywhere_com_wsgi.py", line 18, in <module>
2025-06-01 20:03:14,093 [ERROR]     application = create_app()  # ✅ Correct approach for Flask factory pattern
2025-06-01 20:03:14,094 [ERROR]                   ^^^^^^^^^^^^
2025-06-01 20:03:14,094 [ERROR] 
2025-06-01 20:03:14,094 [ERROR]   File "/home/srpihhllc/PlaidBridgeOpenBankingApi/app/__init__.py", line 67, in create_app
2025-06-01 20:03:14,094 [ERROR]     from app.routes import main_bp, api_bp  # ✅ Correctly import both blueprints
2025-06-01 20:03:14,094 [ERROR]     ^^^^^^^^^^^^^^^^^^^^^^^^^^^^^^^^^^^^^^
2025-06-01 20:03:14,094 [ERROR] 
2025-06-01 20:03:14,094 [ERROR]   File "/home/srpihhllc/PlaidBridgeOpenBankingApi/app/routes.py", line 61, in <module>
2025-06-01 20:03:14,094 [ERROR]     from app.services.plaid_api import generate_link_token, verify_via_plaid
2025-06-01 20:03:14,095 [ERROR] ***************************************************
2025-06-01 20:03:14,095 [ERROR] If you're seeing an import error and don't know why,
2025-06-01 20:03:14,095 [ERROR] we have a dedicated help page to help you debug: 
2025-06-01 20:03:14,095 [ERROR] https://help.pythonanywhere.com/pages/DebuggingImportError/
2025-06-01 20:03:14,095 [ERROR] ***************************************************
2025-06-01 20:05:10,913 [ERROR] Error running WSGI application
2025-06-01 20:05:10,917 [ERROR] ImportError: cannot import name 'verify_via_plaid' from 'app.services.plaid_api' (/home/srpihhllc/PlaidBridgeOpenBankingApi/app/services/plaid_api.py)
2025-06-01 20:05:10,917 [ERROR]   File "/var/www/srpihhllc_pythonanywhere_com_wsgi.py", line 18, in <module>
2025-06-01 20:05:10,917 [ERROR]     application = create_app()  # ✅ Correct approach for Flask factory pattern
2025-06-01 20:05:10,918 [ERROR]                   ^^^^^^^^^^^^
2025-06-01 20:05:10,918 [ERROR] 
2025-06-01 20:05:10,918 [ERROR]   File "/home/srpihhllc/PlaidBridgeOpenBankingApi/app/__init__.py", line 67, in create_app
2025-06-01 20:05:10,918 [ERROR]     from app.routes import main_bp, api_bp  # ✅ Correctly import both blueprints
2025-06-01 20:05:10,918 [ERROR]     ^^^^^^^^^^^^^^^^^^^^^^^^^^^^^^^^^^^^^^
2025-06-01 20:05:10,918 [ERROR] 
2025-06-01 20:05:10,918 [ERROR]   File "/home/srpihhllc/PlaidBridgeOpenBankingApi/app/routes.py", line 61, in <module>
2025-06-01 20:05:10,918 [ERROR]     from app.services.plaid_api import generate_link_token, verify_via_plaid
2025-06-01 20:05:10,918 [ERROR] ***************************************************
2025-06-01 20:05:10,919 [ERROR] If you're seeing an import error and don't know why,
2025-06-01 20:05:10,919 [ERROR] we have a dedicated help page to help you debug: 
2025-06-01 20:05:10,919 [ERROR] https://help.pythonanywhere.com/pages/DebuggingImportError/
2025-06-01 20:05:10,919 [ERROR] ***************************************************
2025-06-01 20:07:16,991 [ERROR] Error running WSGI application
2025-06-01 20:07:17,002 [ERROR] ImportError: cannot import name 'verify_via_plaid' from 'app.services.plaid_api' (/home/srpihhllc/PlaidBridgeOpenBankingApi/app/services/plaid_api.py)
2025-06-01 20:07:17,002 [ERROR]   File "/var/www/srpihhllc_pythonanywhere_com_wsgi.py", line 18, in <module>
2025-06-01 20:07:17,002 [ERROR]     application = create_app()  # ✅ Correct approach for Flask factory pattern
2025-06-01 20:07:17,002 [ERROR]                   ^^^^^^^^^^^^
2025-06-01 20:07:17,003 [ERROR] 
2025-06-01 20:07:17,003 [ERROR]   File "/home/srpihhllc/PlaidBridgeOpenBankingApi/app/__init__.py", line 67, in create_app
2025-06-01 20:07:17,003 [ERROR]     from app.routes import main_bp, api_bp  # ✅ Correctly import both blueprints
2025-06-01 20:07:17,003 [ERROR]     ^^^^^^^^^^^^^^^^^^^^^^^^^^^^^^^^^^^^^^
2025-06-01 20:07:17,003 [ERROR] 
2025-06-01 20:07:17,003 [ERROR]   File "/home/srpihhllc/PlaidBridgeOpenBankingApi/app/routes.py", line 61, in <module>
2025-06-01 20:07:17,004 [ERROR]     from app.services.plaid_api import generate_link_token, verify_via_plaid
2025-06-01 20:07:17,008 [ERROR] ***************************************************
2025-06-01 20:07:17,008 [ERROR] If you're seeing an import error and don't know why,
2025-06-01 20:07:17,008 [ERROR] we have a dedicated help page to help you debug: 
2025-06-01 20:07:17,009 [ERROR] https://help.pythonanywhere.com/pages/DebuggingImportError/
2025-06-01 20:07:17,009 [ERROR] ***************************************************
2025-06-01 22:08:55,659 [ERROR] Error running WSGI application
2025-06-01 22:08:55,664 [ERROR] ModuleNotFoundError: No module named 'app.services.fintech_api'
2025-06-01 22:08:55,665 [ERROR]   File "/var/www/srpihhllc_pythonanywhere_com_wsgi.py", line 18, in <module>
2025-06-01 22:08:55,665 [ERROR]     application = create_app()  # ✅ Correct approach for Flask factory pattern
2025-06-01 22:08:55,665 [ERROR]                   ^^^^^^^^^^^^
2025-06-01 22:08:55,665 [ERROR] 
2025-06-01 22:08:55,665 [ERROR]   File "/home/srpihhllc/PlaidBridgeOpenBankingApi/app/__init__.py", line 67, in create_app
2025-06-01 22:08:55,665 [ERROR]     from app.routes import main_bp, api_bp  # ✅ Correctly import both blueprints
2025-06-01 22:08:55,666 [ERROR]     ^^^^^^^^^^^^^^^^^^^^^^^^^^^^^^^^^^^^^^
2025-06-01 22:08:55,666 [ERROR] 
2025-06-01 22:08:55,666 [ERROR]   File "/home/srpihhllc/PlaidBridgeOpenBankingApi/app/routes.py", line 62, in <module>
2025-06-01 22:08:55,666 [ERROR]     from app.services.fintech_api import verify_via_truelayer, verify_via_tink
2025-06-01 22:08:55,666 [ERROR] ***************************************************
2025-06-01 22:08:55,666 [ERROR] If you're seeing an import error and don't know why,
2025-06-01 22:08:55,666 [ERROR] we have a dedicated help page to help you debug: 
2025-06-01 22:08:55,666 [ERROR] https://help.pythonanywhere.com/pages/DebuggingImportError/
2025-06-01 22:08:55,666 [ERROR] ***************************************************
2025-06-01 22:33:57,802 [ERROR] Error running WSGI application
2025-06-01 22:33:57,807 [ERROR] ModuleNotFoundError: No module named 'app.services.fintech_api'
2025-06-01 22:33:57,807 [ERROR]   File "/var/www/srpihhllc_pythonanywhere_com_wsgi.py", line 18, in <module>
2025-06-01 22:33:57,807 [ERROR]     application = create_app()  # ✅ Correct approach for Flask factory pattern
2025-06-01 22:33:57,808 [ERROR]                   ^^^^^^^^^^^^
2025-06-01 22:33:57,808 [ERROR] 
2025-06-01 22:33:57,808 [ERROR]   File "/home/srpihhllc/PlaidBridgeOpenBankingApi/app/__init__.py", line 67, in create_app
2025-06-01 22:33:57,808 [ERROR]     from app.routes import main_bp, api_bp  # ✅ Correctly import both blueprints
2025-06-01 22:33:57,808 [ERROR]     ^^^^^^^^^^^^^^^^^^^^^^^^^^^^^^^^^^^^^^
2025-06-01 22:33:57,808 [ERROR] 
2025-06-01 22:33:57,808 [ERROR]   File "/home/srpihhllc/PlaidBridgeOpenBankingApi/app/routes.py", line 62, in <module>
2025-06-01 22:33:57,808 [ERROR]     from app.services.fintech_api import verify_via_truelayer, verify_via_tink
2025-06-01 22:33:57,809 [ERROR] ***************************************************
2025-06-01 22:33:57,809 [ERROR] If you're seeing an import error and don't know why,
2025-06-01 22:33:57,809 [ERROR] we have a dedicated help page to help you debug: 
2025-06-01 22:33:57,809 [ERROR] https://help.pythonanywhere.com/pages/DebuggingImportError/
2025-06-01 22:33:57,809 [ERROR] ***************************************************
2025-06-01 22:34:06,807 [ERROR] Error running WSGI application
2025-06-01 22:34:06,809 [ERROR] ModuleNotFoundError: No module named 'app.services.fintech_api'
2025-06-01 22:34:06,809 [ERROR]   File "/var/www/srpihhllc_pythonanywhere_com_wsgi.py", line 18, in <module>
2025-06-01 22:34:06,809 [ERROR]     application = create_app()  # ✅ Correct approach for Flask factory pattern
2025-06-01 22:34:06,809 [ERROR]                   ^^^^^^^^^^^^
2025-06-01 22:34:06,809 [ERROR] 
2025-06-01 22:34:06,810 [ERROR]   File "/home/srpihhllc/PlaidBridgeOpenBankingApi/app/__init__.py", line 67, in create_app
2025-06-01 22:34:06,810 [ERROR]     from app.routes import main_bp, api_bp  # ✅ Correctly import both blueprints
2025-06-01 22:34:06,810 [ERROR]     ^^^^^^^^^^^^^^^^^^^^^^^^^^^^^^^^^^^^^^
2025-06-01 22:34:06,810 [ERROR] 
2025-06-01 22:34:06,810 [ERROR]   File "/home/srpihhllc/PlaidBridgeOpenBankingApi/app/routes.py", line 62, in <module>
2025-06-01 22:34:06,811 [ERROR]     from app.services.fintech_api import verify_via_truelayer, verify_via_tink
2025-06-01 22:34:06,811 [ERROR] ***************************************************
2025-06-01 22:34:06,811 [ERROR] If you're seeing an import error and don't know why,
2025-06-01 22:34:06,811 [ERROR] we have a dedicated help page to help you debug: 
2025-06-01 22:34:06,811 [ERROR] https://help.pythonanywhere.com/pages/DebuggingImportError/
2025-06-01 22:34:06,812 [ERROR] ***************************************************
2025-06-01 23:18:23,978 [ERROR] Error running WSGI application
2025-06-01 23:18:23,983 [ERROR] ValueError: Missing required Plaid API credentials
2025-06-01 23:18:23,983 [ERROR]   File "/var/www/srpihhllc_pythonanywhere_com_wsgi.py", line 18, in <module>
2025-06-01 23:18:23,984 [ERROR]     application = create_app()  # ✅ Correct approach for Flask factory pattern
2025-06-01 23:18:23,984 [ERROR]                   ^^^^^^^^^^^^
2025-06-01 23:18:23,984 [ERROR] 
2025-06-01 23:18:23,984 [ERROR]   File "/home/srpihhllc/PlaidBridgeOpenBankingApi/app/__init__.py", line 57, in create_app
2025-06-01 23:18:23,984 [ERROR]     from app.config import Config
2025-06-01 23:18:23,984 [ERROR] 
2025-06-01 23:18:23,984 [ERROR]   File "/home/srpihhllc/PlaidBridgeOpenBankingApi/app/config.py", line 10, in <module>
2025-06-01 23:18:23,985 [ERROR]     class Config:
2025-06-01 23:18:23,985 [ERROR] 
2025-06-01 23:18:23,985 [ERROR]   File "/home/srpihhllc/PlaidBridgeOpenBankingApi/app/config.py", line 21, in Config
2025-06-01 23:18:23,985 [ERROR]     raise ValueError("Missing required Plaid API credentials")
2025-06-01 23:18:23,985 [ERROR] ***************************************************
2025-06-01 23:18:23,985 [ERROR] If you're seeing an import error and don't know why,
2025-06-01 23:18:23,985 [ERROR] we have a dedicated help page to help you debug: 
2025-06-01 23:18:23,986 [ERROR] https://help.pythonanywhere.com/pages/DebuggingImportError/
2025-06-01 23:18:23,986 [ERROR] ***************************************************
2025-06-01 23:28:55,494 [ERROR] Error running WSGI application
2025-06-01 23:28:55,498 [ERROR] ValueError: Missing required Plaid API credentials
2025-06-01 23:28:55,498 [ERROR]   File "/var/www/srpihhllc_pythonanywhere_com_wsgi.py", line 18, in <module>
2025-06-01 23:28:55,499 [ERROR]     application = create_app()  # ✅ Correct approach for Flask factory pattern
2025-06-01 23:28:55,499 [ERROR]                   ^^^^^^^^^^^^
2025-06-01 23:28:55,499 [ERROR] 
2025-06-01 23:28:55,499 [ERROR]   File "/home/srpihhllc/PlaidBridgeOpenBankingApi/app/__init__.py", line 57, in create_app
2025-06-01 23:28:55,499 [ERROR]     from app.config import Config
2025-06-01 23:28:55,499 [ERROR] 
2025-06-01 23:28:55,499 [ERROR]   File "/home/srpihhllc/PlaidBridgeOpenBankingApi/app/config.py", line 10, in <module>
2025-06-01 23:28:55,499 [ERROR]     class Config:
2025-06-01 23:28:55,499 [ERROR] 
2025-06-01 23:28:55,499 [ERROR]   File "/home/srpihhllc/PlaidBridgeOpenBankingApi/app/config.py", line 21, in Config
2025-06-01 23:28:55,500 [ERROR]     raise ValueError("Missing required Plaid API credentials")
2025-06-01 23:28:55,500 [ERROR] ***************************************************
2025-06-01 23:28:55,500 [ERROR] If you're seeing an import error and don't know why,
2025-06-01 23:28:55,500 [ERROR] we have a dedicated help page to help you debug: 
2025-06-01 23:28:55,500 [ERROR] https://help.pythonanywhere.com/pages/DebuggingImportError/
2025-06-01 23:28:55,500 [ERROR] ***************************************************
2025-06-02 17:10:47,007 [ERROR] Error: Path doesn't exist: migrations.  Please use the 'init' command to create a new scripts folder.
2025-06-02 20:42:25,447 [ERROR] Error: Directory migrations already exists and is not empty
2025-06-02 21:05:40,944 [ERROR] Error: Directory migrations already exists and is not empty
2025-06-02 23:49:07,523 [ERROR] Error: Directory migrations already exists and is not empty
2025-06-02 23:56:56,691 [ERROR] Error: Directory migrations already exists and is not empty
2025-06-03 00:13:32,579 [ERROR] Error: Directory migrations already exists and is not empty
2025-06-03 15:11:25,129 [INFO] Weekly Compliance Report Scheduled.
2025-06-03 15:17:55,388 [INFO] Weekly Compliance Report Scheduled.
2025-06-03 16:17:29,152 [INFO] [31m[1mWARNING: This is a development server. Do not use it in a production deployment. Use a production WSGI server instead.[0m
 * Running on all addresses (0.0.0.0)
 * Running on http://127.0.0.1:5001
 * Running on http://10.0.4.221:5001
2025-06-03 16:17:29,152 [INFO] [33mPress CTRL+C to quit[0m
2025-06-03 16:23:57,486 [INFO] [31m[1mWARNING: This is a development server. Do not use it in a production deployment. Use a production WSGI server instead.[0m
 * Running on all addresses (0.0.0.0)
 * Running on http://127.0.0.1:5001
 * Running on http://10.0.4.221:5001
2025-06-03 16:23:57,486 [INFO] [33mPress CTRL+C to quit[0m
2025-06-03 16:34:50,555 [ERROR] Error running WSGI application
2025-06-03 16:34:50,561 [ERROR] ValueError: Missing required Plaid API credentials
2025-06-03 16:34:50,561 [ERROR]   File "/var/www/srpihhllc_pythonanywhere_com_wsgi.py", line 18, in <module>
2025-06-03 16:34:50,561 [ERROR]     application = create_app()  # ✅ Correct approach for Flask factory pattern
2025-06-03 16:34:50,561 [ERROR]                   ^^^^^^^^^^^^
2025-06-03 16:34:50,561 [ERROR] 
2025-06-03 16:34:50,561 [ERROR]   File "/home/srpihhllc/PlaidBridgeOpenBankingApi/app/__init__.py", line 68, in create_app
2025-06-03 16:34:50,562 [ERROR]     from app.config import Config
2025-06-03 16:34:50,562 [ERROR] 
2025-06-03 16:34:50,562 [ERROR]   File "/home/srpihhllc/PlaidBridgeOpenBankingApi/app/config.py", line 10, in <module>
2025-06-03 16:34:50,562 [ERROR]     class Config:
2025-06-03 16:34:50,562 [ERROR] 
2025-06-03 16:34:50,562 [ERROR]   File "/home/srpihhllc/PlaidBridgeOpenBankingApi/app/config.py", line 23, in Config
2025-06-03 16:34:50,562 [ERROR]     raise ValueError("Missing required Plaid API credentials")
2025-06-03 16:34:50,562 [ERROR] ***************************************************
2025-06-03 16:34:50,562 [ERROR] If you're seeing an import error and don't know why,
2025-06-03 16:34:50,563 [ERROR] we have a dedicated help page to help you debug: 
2025-06-03 16:34:50,563 [ERROR] https://help.pythonanywhere.com/pages/DebuggingImportError/
2025-06-03 16:34:50,563 [ERROR] ***************************************************
2025-06-03 16:34:54,305 [ERROR] Error running WSGI application
2025-06-03 16:34:54,309 [ERROR] ValueError: Missing required Plaid API credentials
2025-06-03 16:34:54,310 [ERROR]   File "/var/www/srpihhllc_pythonanywhere_com_wsgi.py", line 18, in <module>
2025-06-03 16:34:54,310 [ERROR]     application = create_app()  # ✅ Correct approach for Flask factory pattern
2025-06-03 16:34:54,310 [ERROR]                   ^^^^^^^^^^^^
2025-06-03 16:34:54,310 [ERROR] 
2025-06-03 16:34:54,310 [ERROR]   File "/home/srpihhllc/PlaidBridgeOpenBankingApi/app/__init__.py", line 68, in create_app
2025-06-03 16:34:54,310 [ERROR]     from app.config import Config
2025-06-03 16:34:54,311 [ERROR] 
2025-06-03 16:34:54,311 [ERROR]   File "/home/srpihhllc/PlaidBridgeOpenBankingApi/app/config.py", line 10, in <module>
2025-06-03 16:34:54,311 [ERROR]     class Config:
2025-06-03 16:34:54,311 [ERROR] 
2025-06-03 16:34:54,311 [ERROR]   File "/home/srpihhllc/PlaidBridgeOpenBankingApi/app/config.py", line 23, in Config
2025-06-03 16:34:54,311 [ERROR]     raise ValueError("Missing required Plaid API credentials")
2025-06-03 16:34:54,311 [ERROR] ***************************************************
2025-06-03 16:34:54,311 [ERROR] If you're seeing an import error and don't know why,
2025-06-03 16:34:54,311 [ERROR] we have a dedicated help page to help you debug: 
2025-06-03 16:34:54,311 [ERROR] https://help.pythonanywhere.com/pages/DebuggingImportError/
2025-06-03 16:34:54,311 [ERROR] ***************************************************
2025-06-03 16:35:06,074 [ERROR] Error running WSGI application
2025-06-03 16:35:06,079 [ERROR] ValueError: Missing required Plaid API credentials
2025-06-03 16:35:06,080 [ERROR]   File "/var/www/srpihhllc_pythonanywhere_com_wsgi.py", line 18, in <module>
2025-06-03 16:35:06,080 [ERROR]     application = create_app()  # ✅ Correct approach for Flask factory pattern
2025-06-03 16:35:06,080 [ERROR]                   ^^^^^^^^^^^^
2025-06-03 16:35:06,080 [ERROR] 
2025-06-03 16:35:06,080 [ERROR]   File "/home/srpihhllc/PlaidBridgeOpenBankingApi/app/__init__.py", line 68, in create_app
2025-06-03 16:35:06,080 [ERROR]     from app.config import Config
2025-06-03 16:35:06,080 [ERROR] 
2025-06-03 16:35:06,081 [ERROR]   File "/home/srpihhllc/PlaidBridgeOpenBankingApi/app/config.py", line 10, in <module>
2025-06-03 16:35:06,081 [ERROR]     class Config:
2025-06-03 16:35:06,081 [ERROR] 
2025-06-03 16:35:06,081 [ERROR]   File "/home/srpihhllc/PlaidBridgeOpenBankingApi/app/config.py", line 23, in Config
2025-06-03 16:35:06,081 [ERROR]     raise ValueError("Missing required Plaid API credentials")
2025-06-03 16:35:06,081 [ERROR] ***************************************************
2025-06-03 16:35:06,081 [ERROR] If you're seeing an import error and don't know why,
2025-06-03 16:35:06,082 [ERROR] we have a dedicated help page to help you debug: 
2025-06-03 16:35:06,082 [ERROR] https://help.pythonanywhere.com/pages/DebuggingImportError/
2025-06-03 16:35:06,082 [ERROR] ***************************************************
2025-06-03 18:07:47,934 [INFO] [31m[1mWARNING: This is a development server. Do not use it in a production deployment. Use a production WSGI server instead.[0m
 * Running on all addresses (0.0.0.0)
 * Running on http://127.0.0.1:5001
 * Running on http://10.0.4.221:5001
2025-06-03 18:07:47,934 [INFO] [33mPress CTRL+C to quit[0m
2025-06-03 18:27:12,498 [INFO] [31m[1mWARNING: This is a development server. Do not use it in a production deployment. Use a production WSGI server instead.[0m
 * Running on all addresses (0.0.0.0)
 * Running on http://127.0.0.1:5001
 * Running on http://10.0.4.221:5001
2025-06-03 18:27:12,499 [INFO] [33mPress CTRL+C to quit[0m
2025-06-03 19:13:23,818 [INFO] [31m[1mWARNING: This is a development server. Do not use it in a production deployment. Use a production WSGI server instead.[0m
 * Running on all addresses (0.0.0.0)
 * Running on http://127.0.0.1:5001
 * Running on http://10.0.4.221:5001
2025-06-03 19:13:23,818 [INFO] [33mPress CTRL+C to quit[0m
2025-06-03 19:32:04,706 [INFO] [31m[1mWARNING: This is a development server. Do not use it in a production deployment. Use a production WSGI server instead.[0m
 * Running on all addresses (0.0.0.0)
 * Running on http://127.0.0.1:5001
 * Running on http://10.0.4.221:5001
2025-06-03 19:32:04,707 [INFO] [33mPress CTRL+C to quit[0m
2025-06-03 20:05:41,500 [INFO] [31m[1mWARNING: This is a development server. Do not use it in a production deployment. Use a production WSGI server instead.[0m
 * Running on all addresses (0.0.0.0)
 * Running on http://127.0.0.1:5001
 * Running on http://10.0.4.221:5001
2025-06-03 20:05:41,500 [INFO] [33mPress CTRL+C to quit[0m
2025-06-03 20:09:37,973 [ERROR] Error running WSGI application
2025-06-03 20:09:37,981 [ERROR] ImportError: cannot import name 'Config' from 'app.config' (/home/srpihhllc/PlaidBridgeOpenBankingApi/app/config.py). Did you mean: 'config'?
2025-06-03 20:09:37,982 [ERROR]   File "/var/www/srpihhllc_pythonanywhere_com_wsgi.py", line 22, in <module>
2025-06-03 20:09:37,982 [ERROR]     application = create_app()
2025-06-03 20:09:37,982 [ERROR]                   ^^^^^^^^^^^^
2025-06-03 20:09:37,983 [ERROR] 
2025-06-03 20:09:37,983 [ERROR]   File "/home/srpihhllc/PlaidBridgeOpenBankingApi/app/__init__.py", line 68, in create_app
2025-06-03 20:09:37,983 [ERROR]     from app.config import Config
2025-06-03 20:09:37,984 [ERROR] ***************************************************
2025-06-03 20:09:37,985 [ERROR] If you're seeing an import error and don't know why,
2025-06-03 20:09:37,985 [ERROR] we have a dedicated help page to help you debug: 
2025-06-03 20:09:37,985 [ERROR] https://help.pythonanywhere.com/pages/DebuggingImportError/
2025-06-03 20:09:37,985 [ERROR] ***************************************************
2025-06-03 20:56:50,747 [INFO] Weekly Compliance Report Scheduled.
2025-06-03 20:57:17,034 [INFO] Weekly Compliance Report Scheduled.
2025-06-03 21:10:27,292 [INFO] Weekly Compliance Report Scheduled.
2025-06-03 21:13:28,623 [INFO] Weekly Compliance Report Scheduled.
2025-06-03 21:13:52,247 [INFO] Weekly Compliance Report Scheduled.
2025-06-03 22:23:57,763 [INFO] Weekly Compliance Report Scheduled.
2025-06-03 23:08:45,510 [INFO] Weekly Compliance Report Scheduled.
2025-06-03 23:43:39,087 [INFO] Weekly Compliance Report Scheduled.
2025-06-04 00:04:57,750 [INFO] Weekly Compliance Report Scheduled.
